<?xml version="1.0" encoding="UTF-8"?>
<!-- Generated by org.testng.reporters.JUnitReportReporter -->
<testsuite hostname="DESKTOP-ABK0VTC" failures="0" tests="1" name="testscripts.TestCase03" time="25.393" errors="0" timestamp="2022-05-21T19:19:35 IST" skipped="0">
  <testcase classname="testscripts.TestCase03" name="tc03" time="25.393"/>
  <system-out/>
</testsuite> <!-- testscripts.TestCase03 -->
