<?xml version="1.0" encoding="UTF-8"?>
<!-- Generated by org.testng.reporters.JUnitReportReporter -->
<testsuite hostname="DESKTOP-ABK0VTC" failures="0" tests="1" name="testscripts.TestCase02" time="10.537" errors="0" timestamp="2022-05-21T08:07:42 IST" skipped="0">
  <testcase classname="testscripts.TestCase02" name="tc02" time="10.537"/>
  <system-out/>
</testsuite> <!-- testscripts.TestCase02 -->
